<?xml version="1.0" encoding="UTF-8"?>
<!-- Generated by org.testng.reporters.JUnitReportReporter -->
<testsuite skipped="0" hostname="LAPTOP-OUROT4H1" name="executionEngine.DriverScriptTest" tests="1" failures="0" timestamp="04 Oct 2017 01:29:57 GMT" time="20.145" errors="0">
  <testcase name="Initialize" time="20.145" classname="executionEngine.DriverScriptTest"/>
</testsuite> <!-- executionEngine.DriverScriptTest -->
