<?xml version="1.0" encoding="UTF-8"?>
<!-- Generated by org.testng.reporters.JUnitReportReporter -->
<testsuite skipped="0" hostname="LAPTOP-OUROT4H1" name="executionEngine.DriverScriptTest" tests="2" failures="0" timestamp="22 Sep 2017 04:19:00 GMT" time="26.499" errors="0">
  <testcase name="execute_Actions" time="0.000" classname="executionEngine.DriverScriptTest"/>
  <testcase name="Initialize" time="26.499" classname="executionEngine.DriverScriptTest"/>
</testsuite> <!-- executionEngine.DriverScriptTest -->
