<?xml version="1.0" encoding="UTF-8"?>
<!-- Generated by org.testng.reporters.JUnitReportReporter -->
<testsuite skipped="0" hostname="LAPTOP-OUROT4H1" name="executionEngine.DriverScriptTest" tests="1" failures="0" timestamp="29 Sep 2017 04:40:24 GMT" time="35.860" errors="0">
  <testcase name="Initialize" time="35.860" classname="executionEngine.DriverScriptTest"/>
</testsuite> <!-- executionEngine.DriverScriptTest -->
